2024-04-20 04:23:35,037 [trainer.py] => config: ./exps/loramoe_inc_cub_B100.json
2024-04-20 04:23:35,042 [trainer.py] => prefix: reproduce
2024-04-20 04:23:35,042 [trainer.py] => dataset: cub
2024-04-20 04:23:35,042 [trainer.py] => memory_size: 0
2024-04-20 04:23:35,042 [trainer.py] => memory_per_class: 0
2024-04-20 04:23:35,042 [trainer.py] => fixed_memory: False
2024-04-20 04:23:35,042 [trainer.py] => shuffle: True
2024-04-20 04:23:35,043 [trainer.py] => init_cls: 100
2024-04-20 04:23:35,043 [trainer.py] => increment: 20
2024-04-20 04:23:35,043 [trainer.py] => model_name: loramoeinc
2024-04-20 04:23:35,043 [trainer.py] => backbone_type: pretrained_vit_b16_224_inc
2024-04-20 04:23:35,043 [trainer.py] => device: [device(type='cuda', index=3)]
2024-04-20 04:23:35,043 [trainer.py] => seed: 1993
2024-04-20 04:23:35,043 [trainer.py] => tuned_epoch: 20
2024-04-20 04:23:35,043 [trainer.py] => init_lr: 0.01
2024-04-20 04:23:35,043 [trainer.py] => batch_size: 48
2024-04-20 04:23:35,043 [trainer.py] => weight_decay: 0.0005
2024-04-20 04:23:35,043 [trainer.py] => min_lr: 0
2024-04-20 04:23:35,043 [trainer.py] => ffn_num: 4
2024-04-20 04:23:35,043 [trainer.py] => optimizer: sgd
2024-04-20 04:23:35,043 [trainer.py] => vpt_type: shallow
2024-04-20 04:23:35,043 [trainer.py] => prompt_token_num: 5
2024-04-20 04:23:35,043 [trainer.py] => expert_num: 6
2024-04-20 04:23:35,389 [data_manager.py] => [168, 136, 51, 9, 183, 101, 171, 99, 42, 159, 191, 70, 16, 188, 27, 10, 175, 26, 68, 187, 98, 6, 85, 35, 112, 43, 100, 0, 103, 181, 88, 59, 4, 2, 116, 174, 94, 80, 106, 1, 147, 17, 141, 131, 72, 23, 173, 54, 197, 118, 87, 32, 79, 104, 91, 19, 135, 107, 178, 36, 11, 199, 142, 8, 122, 3, 28, 57, 153, 172, 190, 56, 49, 44, 97, 62, 151, 169, 194, 55, 192, 12, 189, 78, 66, 180, 15, 137, 109, 134, 92, 119, 126, 52, 170, 40, 148, 65, 144, 64, 138, 45, 77, 89, 154, 90, 71, 193, 74, 30, 113, 143, 96, 84, 67, 50, 186, 156, 69, 21, 18, 111, 108, 58, 125, 157, 150, 110, 182, 129, 166, 83, 81, 60, 13, 165, 14, 176, 63, 117, 5, 22, 145, 121, 38, 41, 82, 127, 114, 20, 31, 53, 37, 163, 196, 130, 152, 162, 86, 76, 24, 34, 184, 149, 33, 128, 198, 155, 146, 167, 139, 120, 140, 102, 47, 25, 158, 123, 46, 164, 61, 7, 115, 75, 133, 160, 105, 132, 179, 124, 48, 73, 93, 39, 95, 195, 29, 177, 185, 161]
/home/team/zhaohongwei/anaconda3/envs/peft/lib/python3.10/site-packages/bitsandbytes/cuda_setup/main.py:136: UserWarning: /home/team/zhaohongwei/anaconda3/envs/peft did not contain libcudart.so as expected! Searching further paths...
  warn(msg)

===================================BUG REPORT===================================
Welcome to bitsandbytes. For bug reports, please submit your error trace to: https://github.com/TimDettmers/bitsandbytes/issues
================================================================================
CUDA SETUP: CUDA runtime path found: /usr/local/cuda-11.8/lib64/libcudart.so
CUDA SETUP: Highest compute capability among GPUs detected: 8.6
CUDA SETUP: Detected CUDA version 118
CUDA SETUP: Loading binary /home/team/zhaohongwei/anaconda3/envs/peft/lib/python3.10/site-packages/bitsandbytes/libbitsandbytes_cuda118.so...
I'm using ViT with adapters.
2024-04-20 04:23:47,732 [trainer.py] => All params: 86296608
2024-04-20 04:23:47,735 [trainer.py] => Trainable params: 497952
2024-04-20 04:23:47,861 [loramoeinc.py] => Learning on 0-100

  0%|          | 0/20 [00:00<?, ?it/s]
Task 0, Epoch 1/20 => Loss 4.552, Train_accy 13.55:   0%|          | 0/20 [00:24<?, ?it/s]
Task 0, Epoch 1/20 => Loss 4.552, Train_accy 13.55:   5%|▌         | 1/20 [00:24<07:48, 24.67s/it]
Task 0, Epoch 2/20 => Loss 4.008, Train_accy 58.18:   5%|▌         | 1/20 [00:48<07:48, 24.67s/it]
Task 0, Epoch 2/20 => Loss 4.008, Train_accy 58.18:  10%|█         | 2/20 [00:48<07:16, 24.24s/it]
Task 0, Epoch 3/20 => Loss 2.107, Train_accy 73.09:  10%|█         | 2/20 [01:12<07:16, 24.24s/it]
Task 0, Epoch 3/20 => Loss 2.107, Train_accy 73.09:  15%|█▌        | 3/20 [01:12<06:50, 24.16s/it]
Task 0, Epoch 4/20 => Loss 1.024, Train_accy 81.74:  15%|█▌        | 3/20 [01:36<06:50, 24.16s/it]
Task 0, Epoch 4/20 => Loss 1.024, Train_accy 81.74:  20%|██        | 4/20 [01:36<06:26, 24.14s/it]
Task 0, Epoch 5/20 => Loss 0.804, Train_accy 83.62:  20%|██        | 4/20 [02:01<06:26, 24.14s/it]
Task 0, Epoch 5/20 => Loss 0.804, Train_accy 83.62:  25%|██▌       | 5/20 [02:01<06:03, 24.23s/it]
Task 0, Epoch 6/20 => Loss 0.681, Train_accy 84.53:  25%|██▌       | 5/20 [02:25<06:03, 24.23s/it]
Task 0, Epoch 6/20 => Loss 0.681, Train_accy 84.53:  30%|███       | 6/20 [02:25<05:39, 24.24s/it]
Task 0, Epoch 7/20 => Loss 0.640, Train_accy 84.85:  30%|███       | 6/20 [02:49<05:39, 24.24s/it]
Task 0, Epoch 7/20 => Loss 0.640, Train_accy 84.85:  35%|███▌      | 7/20 [02:49<05:16, 24.34s/it]
Task 0, Epoch 8/20 => Loss 0.571, Train_accy 87.05:  35%|███▌      | 7/20 [03:14<05:16, 24.34s/it]
Task 0, Epoch 8/20 => Loss 0.571, Train_accy 87.05:  40%|████      | 8/20 [03:14<04:52, 24.37s/it]
Task 0, Epoch 9/20 => Loss 0.521, Train_accy 87.90:  40%|████      | 8/20 [03:38<04:52, 24.37s/it]
Task 0, Epoch 9/20 => Loss 0.521, Train_accy 87.90:  45%|████▌     | 9/20 [03:38<04:27, 24.33s/it]
Task 0, Epoch 10/20 => Loss 0.513, Train_accy 87.96:  45%|████▌     | 9/20 [04:02<04:27, 24.33s/it]
Task 0, Epoch 10/20 => Loss 0.513, Train_accy 87.96:  50%|█████     | 10/20 [04:02<04:02, 24.23s/it]
Task 0, Epoch 11/20 => Loss 0.483, Train_accy 88.41:  50%|█████     | 10/20 [04:26<04:02, 24.23s/it]
Task 0, Epoch 11/20 => Loss 0.483, Train_accy 88.41:  55%|█████▌    | 11/20 [04:26<03:37, 24.20s/it]
Task 0, Epoch 12/20 => Loss 0.498, Train_accy 87.77:  55%|█████▌    | 11/20 [04:50<03:37, 24.20s/it]
Task 0, Epoch 12/20 => Loss 0.498, Train_accy 87.77:  60%|██████    | 12/20 [04:50<03:13, 24.19s/it]
Task 0, Epoch 13/20 => Loss 0.437, Train_accy 89.60:  60%|██████    | 12/20 [05:14<03:13, 24.19s/it]
Task 0, Epoch 13/20 => Loss 0.437, Train_accy 89.60:  65%|██████▌   | 13/20 [05:14<02:48, 24.14s/it]
Task 0, Epoch 14/20 => Loss 0.452, Train_accy 89.39:  65%|██████▌   | 13/20 [05:39<02:48, 24.14s/it]
Task 0, Epoch 14/20 => Loss 0.452, Train_accy 89.39:  70%|███████   | 14/20 [05:39<02:25, 24.17s/it]
Task 0, Epoch 15/20 => Loss 0.442, Train_accy 89.60:  70%|███████   | 14/20 [06:03<02:25, 24.17s/it]
Task 0, Epoch 15/20 => Loss 0.442, Train_accy 89.60:  75%|███████▌  | 15/20 [06:03<02:00, 24.16s/it]
Task 0, Epoch 16/20 => Loss 0.424, Train_accy 89.71:  75%|███████▌  | 15/20 [06:27<02:00, 24.16s/it]
Task 0, Epoch 16/20 => Loss 0.424, Train_accy 89.71:  80%|████████  | 16/20 [06:27<01:36, 24.13s/it]
Task 0, Epoch 17/20 => Loss 0.412, Train_accy 90.01:  80%|████████  | 16/20 [06:51<01:36, 24.13s/it]
Task 0, Epoch 17/20 => Loss 0.412, Train_accy 90.01:  85%|████████▌ | 17/20 [06:51<01:12, 24.20s/it]
Task 0, Epoch 18/20 => Loss 0.421, Train_accy 90.31:  85%|████████▌ | 17/20 [07:16<01:12, 24.20s/it]
Task 0, Epoch 18/20 => Loss 0.421, Train_accy 90.31:  90%|█████████ | 18/20 [07:16<00:48, 24.25s/it]
Task 0, Epoch 19/20 => Loss 0.393, Train_accy 90.95:  90%|█████████ | 18/20 [07:40<00:48, 24.25s/it]
Task 0, Epoch 19/20 => Loss 0.393, Train_accy 90.95:  95%|█████████▌| 19/20 [07:40<00:24, 24.29s/it]
Task 0, Epoch 20/20 => Loss 0.403, Train_accy 90.35:  95%|█████████▌| 19/20 [08:04<00:24, 24.29s/it]
Task 0, Epoch 20/20 => Loss 0.403, Train_accy 90.35: 100%|██████████| 20/20 [08:04<00:00, 24.28s/it]
Task 0, Epoch 20/20 => Loss 0.403, Train_accy 90.35: 100%|██████████| 20/20 [08:04<00:00, 24.24s/it]
2024-04-20 04:31:52,843 [loramoeinc.py] => Task 0, Epoch 20/20 => Loss 0.403, Train_accy 90.35
2024-04-20 04:32:45,475 [trainer.py] => No NME accuracy.
2024-04-20 04:32:45,476 [trainer.py] => CNN: {'total': 92.0, '00-19': 90.28, '20-39': 91.79, '40-59': 90.83, '60-79': 93.12, '80-99': 93.68, 'old': 0, 'new': 92.0}
2024-04-20 04:32:45,476 [trainer.py] => Route: {'total': 91.92, '00-19': 90.69, '20-39': 94.2, '40-59': 91.28, '60-79': 93.12, '80-99': 90.71, 'old': 0, 'new': 91.92}
2024-04-20 04:32:45,476 [trainer.py] => CNN top1 curve: [92.0]
2024-04-20 04:32:45,476 [trainer.py] => CNN top5 curve: [99.07]
2024-04-20 04:32:45,476 [trainer.py] => Route top1 curve: [91.92]
2024-04-20 04:32:45,476 [trainer.py] => Route top5 curve: [99.07]

Average Accuracy (CNN): 92.0
Average Accuracy (Route): 91.92
2024-04-20 04:32:45,476 [trainer.py] => Average Accuracy (CNN): 92.0
2024-04-20 04:32:45,476 [trainer.py] => Average Accuracy (Route): 91.92

2024-04-20 04:32:45,476 [trainer.py] => Train Time: 484.82
2024-04-20 04:32:45,476 [trainer.py] => Test Time: 6.74 

2024-04-20 04:32:45,478 [trainer.py] => All params: 86450210
2024-04-20 04:32:45,479 [trainer.py] => Trainable params: 491761
2024-04-20 04:32:45,482 [loramoeinc.py] => Learning on 100-120

  0%|          | 0/20 [00:00<?, ?it/s]
Task 1, Epoch 1/20 => Loss 1.415, Train_accy 79.41:   0%|          | 0/20 [00:05<?, ?it/s]
Task 1, Epoch 1/20 => Loss 1.415, Train_accy 79.41:   5%|▌         | 1/20 [00:05<01:40,  5.26s/it]
Task 1, Epoch 2/20 => Loss 0.634, Train_accy 92.12:   5%|▌         | 1/20 [00:10<01:40,  5.26s/it]
Task 1, Epoch 2/20 => Loss 0.634, Train_accy 92.12:  10%|█         | 2/20 [00:10<01:36,  5.33s/it]
Task 1, Epoch 3/20 => Loss 0.526, Train_accy 93.59:  10%|█         | 2/20 [00:15<01:36,  5.33s/it]
Task 1, Epoch 3/20 => Loss 0.526, Train_accy 93.59:  15%|█▌        | 3/20 [00:15<01:30,  5.32s/it]
Task 1, Epoch 4/20 => Loss 0.434, Train_accy 93.38:  15%|█▌        | 3/20 [00:21<01:30,  5.32s/it]
Task 1, Epoch 4/20 => Loss 0.434, Train_accy 93.38:  20%|██        | 4/20 [00:21<01:24,  5.27s/it]
Task 1, Epoch 5/20 => Loss 0.380, Train_accy 94.33:  20%|██        | 4/20 [00:26<01:24,  5.27s/it]
Task 1, Epoch 5/20 => Loss 0.380, Train_accy 94.33:  25%|██▌       | 5/20 [00:26<01:19,  5.31s/it]
Task 1, Epoch 6/20 => Loss 0.331, Train_accy 94.96:  25%|██▌       | 5/20 [00:31<01:19,  5.31s/it]
Task 1, Epoch 6/20 => Loss 0.331, Train_accy 94.96:  30%|███       | 6/20 [00:31<01:14,  5.32s/it]
Task 1, Epoch 7/20 => Loss 0.374, Train_accy 94.22:  30%|███       | 6/20 [00:37<01:14,  5.32s/it]
Task 1, Epoch 7/20 => Loss 0.374, Train_accy 94.22:  35%|███▌      | 7/20 [00:37<01:09,  5.32s/it]
Task 1, Epoch 8/20 => Loss 0.385, Train_accy 94.12:  35%|███▌      | 7/20 [00:42<01:09,  5.32s/it]
Task 1, Epoch 8/20 => Loss 0.385, Train_accy 94.12:  40%|████      | 8/20 [00:42<01:03,  5.32s/it]
Task 1, Epoch 9/20 => Loss 0.379, Train_accy 94.54:  40%|████      | 8/20 [00:47<01:03,  5.32s/it]
Task 1, Epoch 9/20 => Loss 0.379, Train_accy 94.54:  45%|████▌     | 9/20 [00:47<00:58,  5.31s/it]
Task 1, Epoch 10/20 => Loss 0.264, Train_accy 96.01:  45%|████▌     | 9/20 [00:53<00:58,  5.31s/it]
Task 1, Epoch 10/20 => Loss 0.264, Train_accy 96.01:  50%|█████     | 10/20 [00:53<00:53,  5.31s/it]
Task 1, Epoch 11/20 => Loss 0.241, Train_accy 96.22:  50%|█████     | 10/20 [00:58<00:53,  5.31s/it]
Task 1, Epoch 11/20 => Loss 0.241, Train_accy 96.22:  55%|█████▌    | 11/20 [00:58<00:47,  5.30s/it]
Task 1, Epoch 12/20 => Loss 0.272, Train_accy 94.64:  55%|█████▌    | 11/20 [01:03<00:47,  5.30s/it]
Task 1, Epoch 12/20 => Loss 0.272, Train_accy 94.64:  60%|██████    | 12/20 [01:03<00:42,  5.31s/it]
Task 1, Epoch 13/20 => Loss 0.217, Train_accy 96.95:  60%|██████    | 12/20 [01:09<00:42,  5.31s/it]
Task 1, Epoch 13/20 => Loss 0.217, Train_accy 96.95:  65%|██████▌   | 13/20 [01:09<00:37,  5.33s/it]
Task 1, Epoch 14/20 => Loss 0.282, Train_accy 95.90:  65%|██████▌   | 13/20 [01:14<00:37,  5.33s/it]
Task 1, Epoch 14/20 => Loss 0.282, Train_accy 95.90:  70%|███████   | 14/20 [01:14<00:31,  5.30s/it]
Task 1, Epoch 15/20 => Loss 0.259, Train_accy 95.48:  70%|███████   | 14/20 [01:19<00:31,  5.30s/it]
Task 1, Epoch 15/20 => Loss 0.259, Train_accy 95.48:  75%|███████▌  | 15/20 [01:19<00:26,  5.31s/it]
Task 1, Epoch 16/20 => Loss 0.219, Train_accy 96.85:  75%|███████▌  | 15/20 [01:25<00:26,  5.31s/it]
Task 1, Epoch 16/20 => Loss 0.219, Train_accy 96.85:  80%|████████  | 16/20 [01:25<00:21,  5.33s/it]
Task 1, Epoch 17/20 => Loss 0.221, Train_accy 96.74:  80%|████████  | 16/20 [01:30<00:21,  5.33s/it]
Task 1, Epoch 17/20 => Loss 0.221, Train_accy 96.74:  85%|████████▌ | 17/20 [01:30<00:15,  5.32s/it]
Task 1, Epoch 18/20 => Loss 0.223, Train_accy 96.32:  85%|████████▌ | 17/20 [01:35<00:15,  5.32s/it]
Task 1, Epoch 18/20 => Loss 0.223, Train_accy 96.32:  90%|█████████ | 18/20 [01:35<00:10,  5.35s/it]
Task 1, Epoch 19/20 => Loss 0.224, Train_accy 95.80:  90%|█████████ | 18/20 [01:41<00:10,  5.35s/it]
Task 1, Epoch 19/20 => Loss 0.224, Train_accy 95.80:  95%|█████████▌| 19/20 [01:41<00:05,  5.33s/it]
Task 1, Epoch 20/20 => Loss 0.196, Train_accy 96.64:  95%|█████████▌| 19/20 [01:46<00:05,  5.33s/it]
Task 1, Epoch 20/20 => Loss 0.196, Train_accy 96.64: 100%|██████████| 20/20 [01:46<00:00,  5.30s/it]
Task 1, Epoch 20/20 => Loss 0.196, Train_accy 96.64: 100%|██████████| 20/20 [01:46<00:00,  5.31s/it]
2024-04-20 04:34:31,746 [loramoeinc.py] => Task 1, Epoch 20/20 => Loss 0.196, Train_accy 96.64
2024-04-20 04:35:01,201 [trainer.py] => No NME accuracy.
2024-04-20 04:35:01,201 [trainer.py] => CNN: {'total': 91.31, '00-19': 90.28, '20-39': 91.79, '40-59': 90.83, '60-79': 93.12, '80-99': 84.39, '100-119': 98.68, 'old': 89.9, 'new': 98.68}
2024-04-20 04:35:01,201 [trainer.py] => Route: {'total': 90.18, '00-19': 89.88, '20-39': 94.2, '40-59': 91.28, '60-79': 88.26, '80-99': 89.96, '100-119': 88.16, 'old': 90.57, 'new': 88.16}
2024-04-20 04:35:01,201 [trainer.py] => CNN top1 curve: [92.0, 91.31]
2024-04-20 04:35:01,201 [trainer.py] => CNN top5 curve: [99.07, 98.94]
2024-04-20 04:35:01,201 [trainer.py] => Route top1 curve: [91.92, 90.18]
2024-04-20 04:35:01,201 [trainer.py] => Route top5 curve: [99.07, 98.87]

Average Accuracy (CNN): 91.655
Average Accuracy (Route): 91.05000000000001
2024-04-20 04:35:01,202 [trainer.py] => Average Accuracy (CNN): 91.655
2024-04-20 04:35:01,202 [trainer.py] => Average Accuracy (Route): 91.05000000000001

2024-04-20 04:35:01,202 [trainer.py] => Train Time: 591.0699999999999
2024-04-20 04:35:01,202 [trainer.py] => Test Time: 14.56 

2024-04-20 04:35:01,203 [trainer.py] => All params: 86480930
2024-04-20 04:35:01,205 [trainer.py] => Trainable params: 424129
2024-04-20 04:35:01,209 [loramoeinc.py] => Learning on 120-140

  0%|          | 0/20 [00:00<?, ?it/s]
Task 2, Epoch 1/20 => Loss 1.974, Train_accy 62.79:   0%|          | 0/20 [00:05<?, ?it/s]
Task 2, Epoch 1/20 => Loss 1.974, Train_accy 62.79:   5%|▌         | 1/20 [00:05<01:47,  5.63s/it]
Task 2, Epoch 2/20 => Loss 1.124, Train_accy 75.16:   5%|▌         | 1/20 [00:11<01:47,  5.63s/it]
Task 2, Epoch 2/20 => Loss 1.124, Train_accy 75.16:  10%|█         | 2/20 [00:11<01:38,  5.49s/it]
Task 2, Epoch 3/20 => Loss 0.882, Train_accy 79.98:  10%|█         | 2/20 [00:16<01:38,  5.49s/it]
Task 2, Epoch 3/20 => Loss 0.882, Train_accy 79.98:  15%|█▌        | 3/20 [00:16<01:33,  5.49s/it]
Task 2, Epoch 4/20 => Loss 0.699, Train_accy 85.53:  15%|█▌        | 3/20 [00:21<01:33,  5.49s/it]
Task 2, Epoch 4/20 => Loss 0.699, Train_accy 85.53:  20%|██        | 4/20 [00:21<01:27,  5.45s/it]
Task 2, Epoch 5/20 => Loss 0.782, Train_accy 84.91:  20%|██        | 4/20 [00:27<01:27,  5.45s/it]
Task 2, Epoch 5/20 => Loss 0.782, Train_accy 84.91:  25%|██▌       | 5/20 [00:27<01:21,  5.43s/it]
Task 2, Epoch 6/20 => Loss 0.722, Train_accy 84.59:  25%|██▌       | 5/20 [00:32<01:21,  5.43s/it]
Task 2, Epoch 6/20 => Loss 0.722, Train_accy 84.59:  30%|███       | 6/20 [00:32<01:15,  5.43s/it]
Task 2, Epoch 7/20 => Loss 0.683, Train_accy 85.22:  30%|███       | 6/20 [00:37<01:15,  5.43s/it]
Task 2, Epoch 7/20 => Loss 0.683, Train_accy 85.22:  35%|███▌      | 7/20 [00:37<01:09,  5.37s/it]
Task 2, Epoch 8/20 => Loss 0.573, Train_accy 88.78:  35%|███▌      | 7/20 [00:43<01:09,  5.37s/it]
Task 2, Epoch 8/20 => Loss 0.573, Train_accy 88.78:  40%|████      | 8/20 [00:43<01:04,  5.34s/it]
Task 2, Epoch 9/20 => Loss 0.543, Train_accy 88.05:  40%|████      | 8/20 [00:48<01:04,  5.34s/it]
Task 2, Epoch 9/20 => Loss 0.543, Train_accy 88.05:  45%|████▌     | 9/20 [00:48<00:58,  5.34s/it]
Task 2, Epoch 10/20 => Loss 0.502, Train_accy 89.52:  45%|████▌     | 9/20 [00:53<00:58,  5.34s/it]
Task 2, Epoch 10/20 => Loss 0.502, Train_accy 89.52:  50%|█████     | 10/20 [00:53<00:53,  5.34s/it]
Task 2, Epoch 11/20 => Loss 0.452, Train_accy 92.45:  50%|█████     | 10/20 [00:59<00:53,  5.34s/it]
Task 2, Epoch 11/20 => Loss 0.452, Train_accy 92.45:  55%|█████▌    | 11/20 [00:59<00:48,  5.39s/it]
Task 2, Epoch 12/20 => Loss 0.458, Train_accy 90.88:  55%|█████▌    | 11/20 [01:04<00:48,  5.39s/it]
Task 2, Epoch 12/20 => Loss 0.458, Train_accy 90.88:  60%|██████    | 12/20 [01:04<00:43,  5.41s/it]
Task 2, Epoch 13/20 => Loss 0.393, Train_accy 92.24:  60%|██████    | 12/20 [01:10<00:43,  5.41s/it]
Task 2, Epoch 13/20 => Loss 0.393, Train_accy 92.24:  65%|██████▌   | 13/20 [01:10<00:37,  5.36s/it]
Task 2, Epoch 14/20 => Loss 0.410, Train_accy 92.35:  65%|██████▌   | 13/20 [01:15<00:37,  5.36s/it]
Task 2, Epoch 14/20 => Loss 0.410, Train_accy 92.35:  70%|███████   | 14/20 [01:15<00:32,  5.35s/it]
Task 2, Epoch 15/20 => Loss 0.370, Train_accy 92.35:  70%|███████   | 14/20 [01:20<00:32,  5.35s/it]
Task 2, Epoch 15/20 => Loss 0.370, Train_accy 92.35:  75%|███████▌  | 15/20 [01:20<00:26,  5.33s/it]
Task 2, Epoch 16/20 => Loss 0.335, Train_accy 94.34:  75%|███████▌  | 15/20 [01:26<00:26,  5.33s/it]
Task 2, Epoch 16/20 => Loss 0.335, Train_accy 94.34:  80%|████████  | 16/20 [01:26<00:21,  5.35s/it]
Task 2, Epoch 17/20 => Loss 0.357, Train_accy 93.82:  80%|████████  | 16/20 [01:31<00:21,  5.35s/it]
Task 2, Epoch 17/20 => Loss 0.357, Train_accy 93.82:  85%|████████▌ | 17/20 [01:31<00:15,  5.33s/it]
Task 2, Epoch 18/20 => Loss 0.338, Train_accy 93.71:  85%|████████▌ | 17/20 [01:36<00:15,  5.33s/it]
Task 2, Epoch 18/20 => Loss 0.338, Train_accy 93.71:  90%|█████████ | 18/20 [01:36<00:10,  5.37s/it]
Task 2, Epoch 19/20 => Loss 0.364, Train_accy 93.61:  90%|█████████ | 18/20 [01:42<00:10,  5.37s/it]
Task 2, Epoch 19/20 => Loss 0.364, Train_accy 93.61:  95%|█████████▌| 19/20 [01:42<00:05,  5.40s/it]
Task 2, Epoch 20/20 => Loss 0.392, Train_accy 92.45:  95%|█████████▌| 19/20 [01:47<00:05,  5.40s/it]
Task 2, Epoch 20/20 => Loss 0.392, Train_accy 92.45: 100%|██████████| 20/20 [01:47<00:00,  5.42s/it]
Task 2, Epoch 20/20 => Loss 0.392, Train_accy 92.45: 100%|██████████| 20/20 [01:47<00:00,  5.39s/it]
2024-04-20 04:36:49,033 [loramoeinc.py] => Task 2, Epoch 20/20 => Loss 0.392, Train_accy 92.45
2024-04-20 04:37:17,238 [trainer.py] => No NME accuracy.
2024-04-20 04:37:17,238 [trainer.py] => CNN: {'total': 90.86, '00-19': 90.28, '20-39': 91.79, '40-59': 90.37, '60-79': 93.12, '80-99': 84.39, '100-119': 97.81, '120-139': 89.33, 'old': 91.1, 'new': 89.33}
2024-04-20 04:37:17,238 [trainer.py] => Route: {'total': 88.97, '00-19': 89.07, '20-39': 93.24, '40-59': 89.45, '60-79': 87.85, '80-99': 89.59, '100-119': 88.16, '120-139': 85.78, 'old': 89.48, 'new': 85.78}
2024-04-20 04:37:17,238 [trainer.py] => CNN top1 curve: [92.0, 91.31, 90.86]
2024-04-20 04:37:17,238 [trainer.py] => CNN top5 curve: [99.07, 98.94, 98.11]
2024-04-20 04:37:17,238 [trainer.py] => Route top1 curve: [91.92, 90.18, 88.97]
2024-04-20 04:37:17,238 [trainer.py] => Route top5 curve: [99.07, 98.87, 98.72]

Average Accuracy (CNN): 91.39
Average Accuracy (Route): 90.35666666666668
2024-04-20 04:37:17,239 [trainer.py] => Average Accuracy (CNN): 91.39
2024-04-20 04:37:17,239 [trainer.py] => Average Accuracy (Route): 90.35666666666668

2024-04-20 04:37:17,239 [trainer.py] => Train Time: 698.8799999999999
2024-04-20 04:37:17,239 [trainer.py] => Test Time: 23.6 

2024-04-20 04:37:17,240 [trainer.py] => All params: 86511650
2024-04-20 04:37:17,241 [trainer.py] => Trainable params: 356497
2024-04-20 04:37:17,243 [loramoeinc.py] => Learning on 140-160

  0%|          | 0/20 [00:00<?, ?it/s]
Task 3, Epoch 1/20 => Loss 1.539, Train_accy 73.04:   0%|          | 0/20 [00:05<?, ?it/s]
Task 3, Epoch 1/20 => Loss 1.539, Train_accy 73.04:   5%|▌         | 1/20 [00:05<01:38,  5.19s/it]
Task 3, Epoch 2/20 => Loss 0.712, Train_accy 88.15:   5%|▌         | 1/20 [00:10<01:38,  5.19s/it]
Task 3, Epoch 2/20 => Loss 0.712, Train_accy 88.15:  10%|█         | 2/20 [00:10<01:33,  5.21s/it]
Task 3, Epoch 3/20 => Loss 0.601, Train_accy 89.67:  10%|█         | 2/20 [00:15<01:33,  5.21s/it]
Task 3, Epoch 3/20 => Loss 0.601, Train_accy 89.67:  15%|█▌        | 3/20 [00:15<01:28,  5.20s/it]
Task 3, Epoch 4/20 => Loss 0.502, Train_accy 90.65:  15%|█▌        | 3/20 [00:20<01:28,  5.20s/it]
Task 3, Epoch 4/20 => Loss 0.502, Train_accy 90.65:  20%|██        | 4/20 [00:20<01:22,  5.19s/it]
Task 3, Epoch 5/20 => Loss 0.481, Train_accy 90.43:  20%|██        | 4/20 [00:25<01:22,  5.19s/it]
Task 3, Epoch 5/20 => Loss 0.481, Train_accy 90.43:  25%|██▌       | 5/20 [00:25<01:17,  5.16s/it]
Task 3, Epoch 6/20 => Loss 0.442, Train_accy 91.74:  25%|██▌       | 5/20 [00:30<01:17,  5.16s/it]
Task 3, Epoch 6/20 => Loss 0.442, Train_accy 91.74:  30%|███       | 6/20 [00:30<01:11,  5.13s/it]
Task 3, Epoch 7/20 => Loss 0.454, Train_accy 91.63:  30%|███       | 6/20 [00:36<01:11,  5.13s/it]
Task 3, Epoch 7/20 => Loss 0.454, Train_accy 91.63:  35%|███▌      | 7/20 [00:36<01:07,  5.18s/it]
Task 3, Epoch 8/20 => Loss 0.431, Train_accy 92.28:  35%|███▌      | 7/20 [00:41<01:07,  5.18s/it]
Task 3, Epoch 8/20 => Loss 0.431, Train_accy 92.28:  40%|████      | 8/20 [00:41<01:02,  5.17s/it]
Task 3, Epoch 9/20 => Loss 0.374, Train_accy 93.48:  40%|████      | 8/20 [00:46<01:02,  5.17s/it]
Task 3, Epoch 9/20 => Loss 0.374, Train_accy 93.48:  45%|████▌     | 9/20 [00:46<00:56,  5.16s/it]
Task 3, Epoch 10/20 => Loss 0.354, Train_accy 92.83:  45%|████▌     | 9/20 [00:51<00:56,  5.16s/it]
Task 3, Epoch 10/20 => Loss 0.354, Train_accy 92.83:  50%|█████     | 10/20 [00:51<00:52,  5.22s/it]
Task 3, Epoch 11/20 => Loss 0.334, Train_accy 93.37:  50%|█████     | 10/20 [00:57<00:52,  5.22s/it]
Task 3, Epoch 11/20 => Loss 0.334, Train_accy 93.37:  55%|█████▌    | 11/20 [00:57<00:47,  5.26s/it]
Task 3, Epoch 12/20 => Loss 0.330, Train_accy 93.15:  55%|█████▌    | 11/20 [01:02<00:47,  5.26s/it]
Task 3, Epoch 12/20 => Loss 0.330, Train_accy 93.15:  60%|██████    | 12/20 [01:02<00:41,  5.23s/it]
Task 3, Epoch 13/20 => Loss 0.306, Train_accy 94.78:  60%|██████    | 12/20 [01:07<00:41,  5.23s/it]
Task 3, Epoch 13/20 => Loss 0.306, Train_accy 94.78:  65%|██████▌   | 13/20 [01:07<00:36,  5.24s/it]
Task 3, Epoch 14/20 => Loss 0.283, Train_accy 94.78:  65%|██████▌   | 13/20 [01:12<00:36,  5.24s/it]
Task 3, Epoch 14/20 => Loss 0.283, Train_accy 94.78:  70%|███████   | 14/20 [01:12<00:31,  5.24s/it]
Task 3, Epoch 15/20 => Loss 0.288, Train_accy 94.02:  70%|███████   | 14/20 [01:18<00:31,  5.24s/it]
Task 3, Epoch 15/20 => Loss 0.288, Train_accy 94.02:  75%|███████▌  | 15/20 [01:18<00:26,  5.24s/it]
Task 3, Epoch 16/20 => Loss 0.272, Train_accy 95.43:  75%|███████▌  | 15/20 [01:23<00:26,  5.24s/it]
Task 3, Epoch 16/20 => Loss 0.272, Train_accy 95.43:  80%|████████  | 16/20 [01:23<00:20,  5.24s/it]
Task 3, Epoch 17/20 => Loss 0.278, Train_accy 94.78:  80%|████████  | 16/20 [01:28<00:20,  5.24s/it]
Task 3, Epoch 17/20 => Loss 0.278, Train_accy 94.78:  85%|████████▌ | 17/20 [01:28<00:15,  5.26s/it]
Task 3, Epoch 18/20 => Loss 0.271, Train_accy 94.89:  85%|████████▌ | 17/20 [01:33<00:15,  5.26s/it]
Task 3, Epoch 18/20 => Loss 0.271, Train_accy 94.89:  90%|█████████ | 18/20 [01:33<00:10,  5.27s/it]
Task 3, Epoch 19/20 => Loss 0.264, Train_accy 94.35:  90%|█████████ | 18/20 [01:39<00:10,  5.27s/it]
Task 3, Epoch 19/20 => Loss 0.264, Train_accy 94.35:  95%|█████████▌| 19/20 [01:39<00:05,  5.26s/it]
Task 3, Epoch 20/20 => Loss 0.223, Train_accy 96.30:  95%|█████████▌| 19/20 [01:44<00:05,  5.26s/it]
Task 3, Epoch 20/20 => Loss 0.223, Train_accy 96.30: 100%|██████████| 20/20 [01:44<00:00,  5.28s/it]
Task 3, Epoch 20/20 => Loss 0.223, Train_accy 96.30: 100%|██████████| 20/20 [01:44<00:00,  5.23s/it]
2024-04-20 04:39:01,787 [loramoeinc.py] => Task 3, Epoch 20/20 => Loss 0.223, Train_accy 96.30
2024-04-20 04:39:31,498 [trainer.py] => No NME accuracy.
2024-04-20 04:39:31,498 [trainer.py] => CNN: {'total': 91.43, '00-19': 90.28, '20-39': 91.79, '40-59': 90.37, '60-79': 93.12, '80-99': 84.39, '100-119': 97.81, '120-139': 86.22, '140-159': 98.0, 'old': 90.43, 'new': 98.0}
2024-04-20 04:39:31,498 [trainer.py] => Route: {'total': 88.47, '00-19': 87.85, '20-39': 91.79, '40-59': 89.45, '60-79': 87.45, '80-99': 89.22, '100-119': 86.4, '120-139': 85.78, '140-159': 90.0, 'old': 88.24, 'new': 90.0}
2024-04-20 04:39:31,499 [trainer.py] => CNN top1 curve: [92.0, 91.31, 90.86, 91.43]
2024-04-20 04:39:31,499 [trainer.py] => CNN top5 curve: [99.07, 98.94, 98.11, 98.15]
2024-04-20 04:39:31,499 [trainer.py] => Route top1 curve: [91.92, 90.18, 88.97, 88.47]
2024-04-20 04:39:31,499 [trainer.py] => Route top5 curve: [99.07, 98.87, 98.72, 98.68]

Average Accuracy (CNN): 91.4
Average Accuracy (Route): 89.88500000000002
2024-04-20 04:39:31,499 [trainer.py] => Average Accuracy (CNN): 91.4
2024-04-20 04:39:31,499 [trainer.py] => Average Accuracy (Route): 89.88500000000002

2024-04-20 04:39:31,499 [trainer.py] => Train Time: 803.4099999999999
2024-04-20 04:39:31,499 [trainer.py] => Test Time: 33.72 

2024-04-20 04:39:31,500 [trainer.py] => All params: 86542370
2024-04-20 04:39:31,502 [trainer.py] => Trainable params: 288865
2024-04-20 04:39:31,506 [loramoeinc.py] => Learning on 160-180

  0%|          | 0/20 [00:00<?, ?it/s]
Task 4, Epoch 1/20 => Loss 2.618, Train_accy 55.22:   0%|          | 0/20 [00:05<?, ?it/s]
Task 4, Epoch 1/20 => Loss 2.618, Train_accy 55.22:   5%|▌         | 1/20 [00:05<01:42,  5.41s/it]
Task 4, Epoch 2/20 => Loss 1.569, Train_accy 68.16:   5%|▌         | 1/20 [00:10<01:42,  5.41s/it]
Task 4, Epoch 2/20 => Loss 1.569, Train_accy 68.16:  10%|█         | 2/20 [00:10<01:38,  5.45s/it]
Task 4, Epoch 3/20 => Loss 0.966, Train_accy 80.06:  10%|█         | 2/20 [00:16<01:38,  5.45s/it]
Task 4, Epoch 3/20 => Loss 0.966, Train_accy 80.06:  15%|█▌        | 3/20 [00:16<01:31,  5.41s/it]
Task 4, Epoch 4/20 => Loss 0.760, Train_accy 83.30:  15%|█▌        | 3/20 [00:21<01:31,  5.41s/it]
Task 4, Epoch 4/20 => Loss 0.760, Train_accy 83.30:  20%|██        | 4/20 [00:21<01:26,  5.41s/it]
Task 4, Epoch 5/20 => Loss 0.647, Train_accy 86.12:  20%|██        | 4/20 [00:27<01:26,  5.41s/it]
Task 4, Epoch 5/20 => Loss 0.647, Train_accy 86.12:  25%|██▌       | 5/20 [00:27<01:20,  5.40s/it]
Task 4, Epoch 6/20 => Loss 0.514, Train_accy 87.68:  25%|██▌       | 5/20 [00:32<01:20,  5.40s/it]
Task 4, Epoch 6/20 => Loss 0.514, Train_accy 87.68:  30%|███       | 6/20 [00:32<01:15,  5.41s/it]
Task 4, Epoch 7/20 => Loss 0.570, Train_accy 86.53:  30%|███       | 6/20 [00:37<01:15,  5.41s/it]
Task 4, Epoch 7/20 => Loss 0.570, Train_accy 86.53:  35%|███▌      | 7/20 [00:37<01:10,  5.42s/it]
Task 4, Epoch 8/20 => Loss 0.550, Train_accy 87.58:  35%|███▌      | 7/20 [00:43<01:10,  5.42s/it]
Task 4, Epoch 8/20 => Loss 0.550, Train_accy 87.58:  40%|████      | 8/20 [00:43<01:04,  5.40s/it]
Task 4, Epoch 9/20 => Loss 0.495, Train_accy 88.20:  40%|████      | 8/20 [00:48<01:04,  5.40s/it]
Task 4, Epoch 9/20 => Loss 0.495, Train_accy 88.20:  45%|████▌     | 9/20 [00:48<00:59,  5.40s/it]
Task 4, Epoch 10/20 => Loss 0.525, Train_accy 86.64:  45%|████▌     | 9/20 [00:54<00:59,  5.40s/it]
Task 4, Epoch 10/20 => Loss 0.525, Train_accy 86.64:  50%|█████     | 10/20 [00:54<00:54,  5.41s/it]
Task 4, Epoch 11/20 => Loss 0.437, Train_accy 88.62:  50%|█████     | 10/20 [00:59<00:54,  5.41s/it]
Task 4, Epoch 11/20 => Loss 0.437, Train_accy 88.62:  55%|█████▌    | 11/20 [00:59<00:48,  5.37s/it]
Task 4, Epoch 12/20 => Loss 0.437, Train_accy 89.35:  55%|█████▌    | 11/20 [01:04<00:48,  5.37s/it]
Task 4, Epoch 12/20 => Loss 0.437, Train_accy 89.35:  60%|██████    | 12/20 [01:04<00:43,  5.38s/it]
Task 4, Epoch 13/20 => Loss 0.405, Train_accy 88.62:  60%|██████    | 12/20 [01:10<00:43,  5.38s/it]
Task 4, Epoch 13/20 => Loss 0.405, Train_accy 88.62:  65%|██████▌   | 13/20 [01:10<00:37,  5.38s/it]
Task 4, Epoch 14/20 => Loss 0.417, Train_accy 88.73:  65%|██████▌   | 13/20 [01:15<00:37,  5.38s/it]
Task 4, Epoch 14/20 => Loss 0.417, Train_accy 88.73:  70%|███████   | 14/20 [01:15<00:32,  5.41s/it]
Task 4, Epoch 15/20 => Loss 0.407, Train_accy 89.14:  70%|███████   | 14/20 [01:21<00:32,  5.41s/it]
Task 4, Epoch 15/20 => Loss 0.407, Train_accy 89.14:  75%|███████▌  | 15/20 [01:21<00:27,  5.42s/it]
Task 4, Epoch 16/20 => Loss 0.361, Train_accy 89.67:  75%|███████▌  | 15/20 [01:26<00:27,  5.42s/it]
Task 4, Epoch 16/20 => Loss 0.361, Train_accy 89.67:  80%|████████  | 16/20 [01:26<00:21,  5.42s/it]
Task 4, Epoch 17/20 => Loss 0.355, Train_accy 89.46:  80%|████████  | 16/20 [01:31<00:21,  5.42s/it]
Task 4, Epoch 17/20 => Loss 0.355, Train_accy 89.46:  85%|████████▌ | 17/20 [01:31<00:16,  5.39s/it]
Task 4, Epoch 18/20 => Loss 0.415, Train_accy 89.04:  85%|████████▌ | 17/20 [01:37<00:16,  5.39s/it]
Task 4, Epoch 18/20 => Loss 0.415, Train_accy 89.04:  90%|█████████ | 18/20 [01:37<00:10,  5.43s/it]
Task 4, Epoch 19/20 => Loss 0.362, Train_accy 89.98:  90%|█████████ | 18/20 [01:42<00:10,  5.43s/it]
Task 4, Epoch 19/20 => Loss 0.362, Train_accy 89.98:  95%|█████████▌| 19/20 [01:42<00:05,  5.39s/it]
Task 4, Epoch 20/20 => Loss 0.398, Train_accy 88.94:  95%|█████████▌| 19/20 [01:48<00:05,  5.39s/it]
Task 4, Epoch 20/20 => Loss 0.398, Train_accy 88.94: 100%|██████████| 20/20 [01:48<00:00,  5.41s/it]
Task 4, Epoch 20/20 => Loss 0.398, Train_accy 88.94: 100%|██████████| 20/20 [01:48<00:00,  5.40s/it]
2024-04-20 04:41:19,607 [loramoeinc.py] => Task 4, Epoch 20/20 => Loss 0.398, Train_accy 88.94
2024-04-20 04:41:52,026 [trainer.py] => No NME accuracy.
2024-04-20 04:41:52,026 [trainer.py] => CNN: {'total': 91.4, '00-19': 90.28, '20-39': 91.79, '40-59': 90.37, '60-79': 93.12, '80-99': 84.39, '100-119': 97.81, '120-139': 86.22, '140-159': 98.0, '160-179': 91.14, 'old': 91.43, 'new': 91.14}
2024-04-20 04:41:52,027 [trainer.py] => Route: {'total': 87.97, '00-19': 87.04, '20-39': 91.3, '40-59': 87.61, '60-79': 87.04, '80-99': 89.22, '100-119': 86.4, '120-139': 84.89, '140-159': 88.4, '160-179': 89.87, 'old': 87.73, 'new': 89.87}
2024-04-20 04:41:52,027 [trainer.py] => CNN top1 curve: [92.0, 91.31, 90.86, 91.43, 91.4]
2024-04-20 04:41:52,027 [trainer.py] => CNN top5 curve: [99.07, 98.94, 98.11, 98.15, 97.27]
2024-04-20 04:41:52,027 [trainer.py] => Route top1 curve: [91.92, 90.18, 88.97, 88.47, 87.97]
2024-04-20 04:41:52,027 [trainer.py] => Route top5 curve: [99.07, 98.87, 98.72, 98.68, 98.45]

Average Accuracy (CNN): 91.4
Average Accuracy (Route): 89.50200000000002
2024-04-20 04:41:52,027 [trainer.py] => Average Accuracy (CNN): 91.4
2024-04-20 04:41:52,027 [trainer.py] => Average Accuracy (Route): 89.50200000000002

2024-04-20 04:41:52,027 [trainer.py] => Train Time: 911.4999999999999
2024-04-20 04:41:52,027 [trainer.py] => Test Time: 45.0 

2024-04-20 04:41:52,029 [trainer.py] => All params: 86573090
2024-04-20 04:41:52,032 [trainer.py] => Trainable params: 221233
2024-04-20 04:41:52,038 [loramoeinc.py] => Learning on 180-200

  0%|          | 0/20 [00:00<?, ?it/s]
Task 5, Epoch 1/20 => Loss 3.624, Train_accy 41.49:   0%|          | 0/20 [00:05<?, ?it/s]
Task 5, Epoch 1/20 => Loss 3.624, Train_accy 41.49:   5%|▌         | 1/20 [00:05<01:49,  5.79s/it]
Task 5, Epoch 2/20 => Loss 2.144, Train_accy 57.98:   5%|▌         | 1/20 [00:11<01:49,  5.79s/it]
Task 5, Epoch 2/20 => Loss 2.144, Train_accy 57.98:  10%|█         | 2/20 [00:11<01:39,  5.51s/it]
Task 5, Epoch 3/20 => Loss 1.338, Train_accy 74.58:  10%|█         | 2/20 [00:16<01:39,  5.51s/it]
Task 5, Epoch 3/20 => Loss 1.338, Train_accy 74.58:  15%|█▌        | 3/20 [00:16<01:33,  5.48s/it]
Task 5, Epoch 4/20 => Loss 1.103, Train_accy 77.73:  15%|█▌        | 3/20 [00:21<01:33,  5.48s/it]
Task 5, Epoch 4/20 => Loss 1.103, Train_accy 77.73:  20%|██        | 4/20 [00:21<01:26,  5.42s/it]
Task 5, Epoch 5/20 => Loss 0.955, Train_accy 78.99:  20%|██        | 4/20 [00:27<01:26,  5.42s/it]
Task 5, Epoch 5/20 => Loss 0.955, Train_accy 78.99:  25%|██▌       | 5/20 [00:27<01:20,  5.40s/it]
Task 5, Epoch 6/20 => Loss 0.855, Train_accy 81.20:  25%|██▌       | 5/20 [00:32<01:20,  5.40s/it]
Task 5, Epoch 6/20 => Loss 0.855, Train_accy 81.20:  30%|███       | 6/20 [00:32<01:15,  5.39s/it]
Task 5, Epoch 7/20 => Loss 0.822, Train_accy 80.46:  30%|███       | 6/20 [00:37<01:15,  5.39s/it]
Task 5, Epoch 7/20 => Loss 0.822, Train_accy 80.46:  35%|███▌      | 7/20 [00:37<01:09,  5.38s/it]
Task 5, Epoch 8/20 => Loss 0.742, Train_accy 81.51:  35%|███▌      | 7/20 [00:43<01:09,  5.38s/it]
Task 5, Epoch 8/20 => Loss 0.742, Train_accy 81.51:  40%|████      | 8/20 [00:43<01:05,  5.42s/it]
Task 5, Epoch 9/20 => Loss 0.650, Train_accy 83.09:  40%|████      | 8/20 [00:48<01:05,  5.42s/it]
Task 5, Epoch 9/20 => Loss 0.650, Train_accy 83.09:  45%|████▌     | 9/20 [00:48<00:59,  5.43s/it]
Task 5, Epoch 10/20 => Loss 0.650, Train_accy 83.19:  45%|████▌     | 9/20 [00:54<00:59,  5.43s/it]
Task 5, Epoch 10/20 => Loss 0.650, Train_accy 83.19:  50%|█████     | 10/20 [00:54<00:54,  5.46s/it]
Task 5, Epoch 11/20 => Loss 0.691, Train_accy 82.25:  50%|█████     | 10/20 [00:59<00:54,  5.46s/it]
Task 5, Epoch 11/20 => Loss 0.691, Train_accy 82.25:  55%|█████▌    | 11/20 [00:59<00:48,  5.44s/it]
Task 5, Epoch 12/20 => Loss 0.639, Train_accy 83.40:  55%|█████▌    | 11/20 [01:05<00:48,  5.44s/it]
Task 5, Epoch 12/20 => Loss 0.639, Train_accy 83.40:  60%|██████    | 12/20 [01:05<00:43,  5.42s/it]
Task 5, Epoch 13/20 => Loss 0.612, Train_accy 83.51:  60%|██████    | 12/20 [01:10<00:43,  5.42s/it]
Task 5, Epoch 13/20 => Loss 0.612, Train_accy 83.51:  65%|██████▌   | 13/20 [01:10<00:38,  5.45s/it]
Task 5, Epoch 14/20 => Loss 0.551, Train_accy 84.87:  65%|██████▌   | 13/20 [01:16<00:38,  5.45s/it]
Task 5, Epoch 14/20 => Loss 0.551, Train_accy 84.87:  70%|███████   | 14/20 [01:16<00:32,  5.42s/it]
Task 5, Epoch 15/20 => Loss 0.527, Train_accy 85.08:  70%|███████   | 14/20 [01:21<00:32,  5.42s/it]
Task 5, Epoch 15/20 => Loss 0.527, Train_accy 85.08:  75%|███████▌  | 15/20 [01:21<00:27,  5.44s/it]
Task 5, Epoch 16/20 => Loss 0.537, Train_accy 85.08:  75%|███████▌  | 15/20 [01:26<00:27,  5.44s/it]
Task 5, Epoch 16/20 => Loss 0.537, Train_accy 85.08:  80%|████████  | 16/20 [01:26<00:21,  5.40s/it]
Task 5, Epoch 17/20 => Loss 0.530, Train_accy 83.93:  80%|████████  | 16/20 [01:32<00:21,  5.40s/it]
Task 5, Epoch 17/20 => Loss 0.530, Train_accy 83.93:  85%|████████▌ | 17/20 [01:32<00:16,  5.36s/it]
Task 5, Epoch 18/20 => Loss 0.529, Train_accy 84.24:  85%|████████▌ | 17/20 [01:37<00:16,  5.36s/it]
Task 5, Epoch 18/20 => Loss 0.529, Train_accy 84.24:  90%|█████████ | 18/20 [01:37<00:10,  5.38s/it]
Task 5, Epoch 19/20 => Loss 0.591, Train_accy 83.72:  90%|█████████ | 18/20 [01:42<00:10,  5.38s/it]
Task 5, Epoch 19/20 => Loss 0.591, Train_accy 83.72:  95%|█████████▌| 19/20 [01:42<00:05,  5.37s/it]
Task 5, Epoch 20/20 => Loss 0.473, Train_accy 85.08:  95%|█████████▌| 19/20 [01:48<00:05,  5.37s/it]
Task 5, Epoch 20/20 => Loss 0.473, Train_accy 85.08: 100%|██████████| 20/20 [01:48<00:00,  5.39s/it]
Task 5, Epoch 20/20 => Loss 0.473, Train_accy 85.08: 100%|██████████| 20/20 [01:48<00:00,  5.42s/it]
2024-04-20 04:43:40,410 [loramoeinc.py] => Task 5, Epoch 20/20 => Loss 0.473, Train_accy 85.08
2024-04-20 04:44:11,480 [trainer.py] => No NME accuracy.
2024-04-20 04:44:11,480 [trainer.py] => CNN: {'total': 90.5, '00-19': 90.28, '20-39': 91.79, '40-59': 90.37, '60-79': 93.12, '80-99': 84.39, '100-119': 97.81, '120-139': 86.22, '140-159': 98.0, '160-179': 91.14, '180-199': 82.17, 'old': 91.4, 'new': 82.17}
2024-04-20 04:44:11,480 [trainer.py] => Route: {'total': 86.77, '00-19': 87.04, '20-39': 89.86, '40-59': 87.16, '60-79': 85.02, '80-99': 89.22, '100-119': 86.4, '120-139': 84.0, '140-159': 88.0, '160-179': 88.61, '180-199': 82.17, 'old': 87.27, 'new': 82.17}
2024-04-20 04:44:11,480 [trainer.py] => CNN top1 curve: [92.0, 91.31, 90.86, 91.43, 91.4, 90.5]
2024-04-20 04:44:11,481 [trainer.py] => CNN top5 curve: [99.07, 98.94, 98.11, 98.15, 97.27, 95.97]
2024-04-20 04:44:11,481 [trainer.py] => Route top1 curve: [91.92, 90.18, 88.97, 88.47, 87.97, 86.77]
2024-04-20 04:44:11,481 [trainer.py] => Route top5 curve: [99.07, 98.87, 98.72, 98.68, 98.45, 98.18]

Average Accuracy (CNN): 91.25
Average Accuracy (Route): 89.04666666666668
2024-04-20 04:44:11,481 [trainer.py] => Average Accuracy (CNN): 91.25
2024-04-20 04:44:11,481 [trainer.py] => Average Accuracy (Route): 89.04666666666668

2024-04-20 04:44:11,481 [trainer.py] => Train Time: 1019.8599999999999
2024-04-20 04:44:11,481 [trainer.py] => Test Time: 57.5 