nohup: 忽略输入
2024-03-12 16:45:04,087 [trainer.py] => config: ./exps/simplecil.json
2024-03-12 16:45:04,087 [trainer.py] => prefix:  
2024-03-12 16:45:04,088 [trainer.py] => dataset: cifar224
2024-03-12 16:45:04,088 [trainer.py] => memory_size: 0
2024-03-12 16:45:04,088 [trainer.py] => memory_per_class: 0
2024-03-12 16:45:04,088 [trainer.py] => fixed_memory: False
2024-03-12 16:45:04,088 [trainer.py] => shuffle: True
2024-03-12 16:45:04,088 [trainer.py] => init_cls: 10
2024-03-12 16:45:04,088 [trainer.py] => increment: 10
2024-03-12 16:45:04,088 [trainer.py] => model_name: simplecil
2024-03-12 16:45:04,088 [trainer.py] => convnet_type: pretrained_vit_b16_224_in21k
2024-03-12 16:45:04,088 [trainer.py] => device: [device(type='cuda', index=0)]
2024-03-12 16:45:04,088 [trainer.py] => seed: 1993
2024-03-12 16:45:04,088 [trainer.py] => tuned_epoch: 0
2024-03-12 16:45:04,088 [trainer.py] => init_lr: 0.01
2024-03-12 16:45:04,088 [trainer.py] => batch_size: 256
2024-03-12 16:45:04,088 [trainer.py] => weight_decay: 0.05
2024-03-12 16:45:04,088 [trainer.py] => min_lr: 1e-08
2024-03-12 16:45:04,088 [trainer.py] => optimizer: sgd
2024-03-12 16:45:04,088 [trainer.py] => vpt_type: shallow
2024-03-12 16:45:04,088 [trainer.py] => prompt_token_num: 3
2024-03-12 16:45:05,429 [data_manager.py] => [68, 56, 78, 8, 23, 84, 90, 65, 74, 76, 40, 89, 3, 92, 55, 9, 26, 80, 43, 38, 58, 70, 77, 1, 85, 19, 17, 50, 28, 53, 13, 81, 45, 82, 6, 59, 83, 16, 15, 44, 91, 41, 72, 60, 79, 52, 20, 10, 31, 54, 37, 95, 14, 71, 96, 98, 97, 2, 64, 66, 42, 22, 35, 86, 24, 34, 87, 21, 99, 0, 88, 27, 18, 94, 11, 12, 47, 25, 30, 46, 62, 69, 36, 61, 7, 63, 75, 5, 32, 4, 51, 48, 73, 93, 39, 67, 29, 49, 57, 33]
This is for the BaseNet initialization.
After BaseNet initialization.
2024-03-12 16:45:09,192 [trainer.py] => All params: 85798656
2024-03-12 16:45:09,192 [trainer.py] => Trainable params: 85798656
2024-03-12 16:45:18,639 [simplecil.py] => Learning on 0-10
/home/team/zhaohongwei/anaconda3/envs/cl/lib/python3.8/site-packages/torchvision/transforms/transforms.py:332: UserWarning: Argument 'interpolation' of type int is deprecated since 0.13 and will be removed in 0.15. Please use InterpolationMode enum.
  warnings.warn(
2024-03-12 16:46:35,373 [trainer.py] => No NME accuracy.
2024-03-12 16:46:35,373 [trainer.py] => CNN: {'total': 95.0, '00-09': 95.0, 'old': 0, 'new': 95.0}
2024-03-12 16:46:35,373 [trainer.py] => CNN top1 curve: [95.0]
2024-03-12 16:46:35,373 [trainer.py] => CNN top5 curve: [99.7]

Average Accuracy (CNN): 95.0
2024-03-12 16:46:35,373 [trainer.py] => Average Accuracy (CNN): 95.0
2024-03-12 16:46:35,374 [trainer.py] => All params: 85806337
2024-03-12 16:46:35,375 [trainer.py] => Trainable params: 85806337
2024-03-12 16:46:35,398 [simplecil.py] => Learning on 10-20
2024-03-12 16:47:39,812 [trainer.py] => No NME accuracy.
2024-03-12 16:47:39,813 [trainer.py] => CNN: {'total': 92.2, '00-09': 93.3, '10-19': 91.1, 'old': 93.3, 'new': 91.1}
2024-03-12 16:47:39,813 [trainer.py] => CNN top1 curve: [95.0, 92.2]
2024-03-12 16:47:39,813 [trainer.py] => CNN top5 curve: [99.7, 98.7]

Average Accuracy (CNN): 93.6
2024-03-12 16:47:39,819 [trainer.py] => Average Accuracy (CNN): 93.6
2024-03-12 16:47:39,820 [trainer.py] => All params: 85814017
2024-03-12 16:47:39,821 [trainer.py] => Trainable params: 85814017
2024-03-12 16:47:39,829 [simplecil.py] => Learning on 20-30
2024-03-12 16:48:41,149 [trainer.py] => No NME accuracy.
2024-03-12 16:48:41,150 [trainer.py] => CNN: {'total': 91.77, '00-09': 92.0, '10-19': 89.6, '20-29': 93.7, 'old': 90.8, 'new': 93.7}
2024-03-12 16:48:41,150 [trainer.py] => CNN top1 curve: [95.0, 92.2, 91.77]
2024-03-12 16:48:41,150 [trainer.py] => CNN top5 curve: [99.7, 98.7, 98.4]

Average Accuracy (CNN): 92.99
2024-03-12 16:48:41,150 [trainer.py] => Average Accuracy (CNN): 92.99
2024-03-12 16:48:41,152 [trainer.py] => All params: 85821697
2024-03-12 16:48:41,157 [trainer.py] => Trainable params: 85821697
2024-03-12 16:48:41,165 [simplecil.py] => Learning on 30-40
2024-03-12 16:49:54,904 [trainer.py] => No NME accuracy.
2024-03-12 16:49:54,904 [trainer.py] => CNN: {'total': 89.1, '00-09': 89.6, '10-19': 87.6, '20-29': 91.8, '30-39': 87.4, 'old': 89.67, 'new': 87.4}
2024-03-12 16:49:54,905 [trainer.py] => CNN top1 curve: [95.0, 92.2, 91.77, 89.1]
2024-03-12 16:49:54,905 [trainer.py] => CNN top5 curve: [99.7, 98.7, 98.4, 97.92]

Average Accuracy (CNN): 92.01749999999998
2024-03-12 16:49:54,905 [trainer.py] => Average Accuracy (CNN): 92.01749999999998
2024-03-12 16:49:54,905 [trainer.py] => All params: 85829377
2024-03-12 16:49:54,906 [trainer.py] => Trainable params: 85829377
2024-03-12 16:49:54,914 [simplecil.py] => Learning on 40-50
2024-03-12 16:51:13,770 [trainer.py] => No NME accuracy.
2024-03-12 16:51:13,771 [trainer.py] => CNN: {'total': 87.2, '00-09': 87.5, '10-19': 86.5, '20-29': 90.3, '30-39': 85.1, '40-49': 86.6, 'old': 87.35, 'new': 86.6}
2024-03-12 16:51:13,771 [trainer.py] => CNN top1 curve: [95.0, 92.2, 91.77, 89.1, 87.2]
2024-03-12 16:51:13,771 [trainer.py] => CNN top5 curve: [99.7, 98.7, 98.4, 97.92, 97.48]

Average Accuracy (CNN): 91.05399999999999
2024-03-12 16:51:13,771 [trainer.py] => Average Accuracy (CNN): 91.05399999999999
2024-03-12 16:51:13,772 [trainer.py] => All params: 85837057
2024-03-12 16:51:13,772 [trainer.py] => Trainable params: 85837057
2024-03-12 16:51:13,781 [simplecil.py] => Learning on 50-60
2024-03-12 16:52:54,970 [trainer.py] => No NME accuracy.
2024-03-12 16:52:54,970 [trainer.py] => CNN: {'total': 85.43, '00-09': 86.0, '10-19': 85.9, '20-29': 88.6, '30-39': 84.3, '40-49': 83.5, '50-59': 84.3, 'old': 85.66, 'new': 84.3}
2024-03-12 16:52:54,970 [trainer.py] => CNN top1 curve: [95.0, 92.2, 91.77, 89.1, 87.2, 85.43]
2024-03-12 16:52:54,970 [trainer.py] => CNN top5 curve: [99.7, 98.7, 98.4, 97.92, 97.48, 96.65]

Average Accuracy (CNN): 90.11666666666666
2024-03-12 16:52:54,970 [trainer.py] => Average Accuracy (CNN): 90.11666666666666
2024-03-12 16:52:54,971 [trainer.py] => All params: 85844737
2024-03-12 16:52:54,972 [trainer.py] => Trainable params: 85844737
2024-03-12 16:52:54,986 [simplecil.py] => Learning on 60-70
2024-03-12 16:54:51,248 [trainer.py] => No NME accuracy.
2024-03-12 16:54:51,249 [trainer.py] => CNN: {'total': 85.06, '00-09': 84.7, '10-19': 85.1, '20-29': 88.6, '30-39': 84.1, '40-49': 83.4, '50-59': 81.9, '60-69': 87.6, 'old': 84.63, 'new': 87.6}
2024-03-12 16:54:51,249 [trainer.py] => CNN top1 curve: [95.0, 92.2, 91.77, 89.1, 87.2, 85.43, 85.06]
2024-03-12 16:54:51,249 [trainer.py] => CNN top5 curve: [99.7, 98.7, 98.4, 97.92, 97.48, 96.65, 96.57]

Average Accuracy (CNN): 89.39428571428572
2024-03-12 16:54:51,249 [trainer.py] => Average Accuracy (CNN): 89.39428571428572
2024-03-12 16:54:51,250 [trainer.py] => All params: 85852417
2024-03-12 16:54:51,251 [trainer.py] => Trainable params: 85852417
2024-03-12 16:54:51,261 [simplecil.py] => Learning on 70-80
2024-03-12 16:56:27,570 [trainer.py] => No NME accuracy.
2024-03-12 16:56:27,571 [trainer.py] => CNN: {'total': 82.54, '00-09': 83.3, '10-19': 84.2, '20-29': 88.5, '30-39': 83.3, '40-49': 81.1, '50-59': 78.9, '60-69': 84.7, '70-79': 76.3, 'old': 83.43, 'new': 76.3}
2024-03-12 16:56:27,571 [trainer.py] => CNN top1 curve: [95.0, 92.2, 91.77, 89.1, 87.2, 85.43, 85.06, 82.54]
2024-03-12 16:56:27,571 [trainer.py] => CNN top5 curve: [99.7, 98.7, 98.4, 97.92, 97.48, 96.65, 96.57, 95.8]

Average Accuracy (CNN): 88.5375
2024-03-12 16:56:27,571 [trainer.py] => Average Accuracy (CNN): 88.5375
2024-03-12 16:56:27,572 [trainer.py] => All params: 85860097
2024-03-12 16:56:27,572 [trainer.py] => Trainable params: 85860097
2024-03-12 16:56:27,579 [simplecil.py] => Learning on 80-90
2024-03-12 16:58:01,519 [trainer.py] => No NME accuracy.
2024-03-12 16:58:01,520 [trainer.py] => CNN: {'total': 81.77, '00-09': 82.5, '10-19': 83.1, '20-29': 87.8, '30-39': 83.0, '40-49': 79.8, '50-59': 78.4, '60-69': 84.0, '70-79': 75.7, '80-89': 81.6, 'old': 81.79, 'new': 81.6}
2024-03-12 16:58:01,520 [trainer.py] => CNN top1 curve: [95.0, 92.2, 91.77, 89.1, 87.2, 85.43, 85.06, 82.54, 81.77]
2024-03-12 16:58:01,520 [trainer.py] => CNN top5 curve: [99.7, 98.7, 98.4, 97.92, 97.48, 96.65, 96.57, 95.8, 95.42]

Average Accuracy (CNN): 87.78555555555555
2024-03-12 16:58:01,520 [trainer.py] => Average Accuracy (CNN): 87.78555555555555
2024-03-12 16:58:01,521 [trainer.py] => All params: 85867777
2024-03-12 16:58:01,522 [trainer.py] => Trainable params: 85867777
2024-03-12 16:58:01,530 [simplecil.py] => Learning on 90-100
2024-03-12 17:00:12,877 [trainer.py] => No NME accuracy.
2024-03-12 17:00:12,877 [trainer.py] => CNN: {'total': 81.26, '00-09': 81.0, '10-19': 82.4, '20-29': 87.2, '30-39': 82.1, '40-49': 79.4, '50-59': 77.3, '60-69': 83.7, '70-79': 74.7, '80-89': 81.1, '90-99': 83.7, 'old': 80.99, 'new': 83.7}
2024-03-12 17:00:12,878 [trainer.py] => CNN top1 curve: [95.0, 92.2, 91.77, 89.1, 87.2, 85.43, 85.06, 82.54, 81.77, 81.26]
2024-03-12 17:00:12,878 [trainer.py] => CNN top5 curve: [99.7, 98.7, 98.4, 97.92, 97.48, 96.65, 96.57, 95.8, 95.42, 94.98]

Average Accuracy (CNN): 87.133
2024-03-12 17:00:12,878 [trainer.py] => Average Accuracy (CNN): 87.133
